<?xml version="1.0" encoding="UTF-8"?>
<testng-results ignored="0" total="2" passed="2" failed="0" skipped="0">
  <reporter-output>
  </reporter-output>
  <suite started-at="2023-05-04T08:32:24Z" name="Default suite" finished-at="2023-05-04T08:32:31Z" duration-ms="7116">
    <groups>
    </groups>
    <test started-at="2023-05-04T08:32:24Z" name="Default test" finished-at="2023-05-04T08:32:31Z" duration-ms="7116">
      <class name="ExtentReportBasicDemo.DemoExtentReport">
        <test-method is-config="true" signature="BrowserLaunch()[pri:0, instance:ExtentReportBasicDemo.DemoExtentReport@7642df8f]" started-at="2023-05-04T08:32:24Z" name="BrowserLaunch" finished-at="2023-05-04T08:32:27Z" duration-ms="3605" status="PASS">
          <reporter-output>
          </reporter-output>
        </test-method> <!-- BrowserLaunch -->
        <test-method signature="TestCase_001()[pri:0, instance:ExtentReportBasicDemo.DemoExtentReport@7642df8f]" started-at="2023-05-04T08:32:27Z" name="TestCase_001" finished-at="2023-05-04T08:32:27Z" duration-ms="45" status="PASS">
          <reporter-output>
          </reporter-output>
        </test-method> <!-- TestCase_001 -->
        <test-method signature="TestCase_002()[pri:0, instance:ExtentReportBasicDemo.DemoExtentReport@7642df8f]" started-at="2023-05-04T08:32:27Z" name="TestCase_002" finished-at="2023-05-04T08:32:30Z" duration-ms="2422" status="PASS">
          <reporter-output>
          </reporter-output>
        </test-method> <!-- TestCase_002 -->
        <test-method is-config="true" signature="tearDown()[pri:0, instance:ExtentReportBasicDemo.DemoExtentReport@7642df8f]" started-at="2023-05-04T08:32:30Z" name="tearDown" finished-at="2023-05-04T08:32:31Z" duration-ms="1010" status="PASS">
          <reporter-output>
          </reporter-output>
        </test-method> <!-- tearDown -->
      </class> <!-- ExtentReportBasicDemo.DemoExtentReport -->
    </test> <!-- Default test -->
  </suite> <!-- Default suite -->
</testng-results>
